<?xml version="1.0" encoding="UTF-8"?>
<!-- Generated by org.testng.reporters.JUnitReportReporter -->
<testsuite skipped="0" hostname="DESKTOP-MFPPV7K" name="com.Tests.SignInTest" tests="3" failures="0" timestamp="18 Jul 2020 19:14:36 GMT" time="21.281" errors="0">
  <testcase name="verify_click_signIn" time="3.596" classname="com.Tests.SignInTest"/>
  <testcase name="verify_Login" time="6.834" classname="com.Tests.SignInTest"/>
  <testcase name="verify_DressSection" time="10.851" classname="com.Tests.SignInTest"/>
</testsuite> <!-- com.Tests.SignInTest -->
